
 WARN  Browserslist: browsers data (caniuse-lite) is 15 months old. Please run:
  npx update-browserslist-db@latest
  Why you should do it regularly: https://github.com/browserslist/update-db#readme


 ERROR  Error: [31m  Failed to scan for dependencies from entries:
  D:/project/EDA_ERP/Front/Geeker-Admin/index.html

  [39m[31mX [41;31m[[41;97mERROR[41;31m][0m [1mMissing "./dist/node/types.d-aGj9QkWt" specifier in "vite" package[0m [1m[35m[plugin vite:dep-scan][0m

    node_modules/esbuild/lib/main.js:1225:21:
[37m      1225 │         let result = [32m[37mawait callback({
           ╵                      [32m^[0m

    at e (file:///D:/project/EDA_ERP/Front/Geeker-Admin/node_modules/vite/dist/node/chunks/dep-BK3b2jBa.js:46042:25)
    at n (file:///D:/project/EDA_ERP/Front/Geeker-Admin/node_modules/vite/dist/node/chunks/dep-BK3b2jBa.js:46042:627)
    at o (file:///D:/project/EDA_ERP/Front/Geeker-Admin/node_modules/vite/dist/node/chunks/dep-BK3b2jBa.js:46042:1297)
    at resolveExportsOrImports (file:///D:/project/EDA_ERP/Front/Geeker-Admin/node_modules/vite/dist/node/chunks/dep-BK3b2jBa.js:46663:18)
    at resolveDeepImport (file:///D:/project/EDA_ERP/Front/Geeker-Admin/node_modules/vite/dist/node/chunks/dep-BK3b2jBa.js:46686:25)
    at tryNodeResolve (file:///D:/project/EDA_ERP/Front/Geeker-Admin/node_modules/vite/dist/node/chunks/dep-BK3b2jBa.js:46451:16)
    at ResolveIdContext.resolveId (file:///D:/project/EDA_ERP/Front/Geeker-Admin/node_modules/vite/dist/node/chunks/dep-BK3b2jBa.js:46201:19)
    at PluginContainer.resolveId (file:///D:/project/EDA_ERP/Front/Geeker-Admin/node_modules/vite/dist/node/chunks/dep-BK3b2jBa.js:49018:17)
    at process.processTicksAndRejections (node:internal/process/task_queues:95:5)
    at async resolve (file:///D:/project/EDA_ERP/Front/Geeker-Admin/node_modules/vite/dist/node/chunks/dep-BK3b2jBa.js:49630:22)
    at async file:///D:/project/EDA_ERP/Front/Geeker-Admin/node_modules/vite/dist/node/chunks/dep-BK3b2jBa.js:49801:28
    at async requestCallbacks.on-resolve (D:\project\EDA_ERP\Front\Geeker-Admin\node_modules\esbuild\lib\main.js:1225:22)
    at async handleRequest (D:\project\EDA_ERP\Front\Geeker-Admin\node_modules\esbuild\lib\main.js:647:11)

  This error came from the "onResolve" callback registered here:

    node_modules/esbuild/lib/main.js:1150:20:
[37m      1150 │       let promise = [32m[37msetup({
           ╵                     [32m^[0m

    at setup (file:///D:/project/EDA_ERP/Front/Geeker-Admin/node_modules/vite/dist/node/chunks/dep-BK3b2jBa.js:49789:13)
    at handlePlugins (D:\project\EDA_ERP\Front\Geeker-Admin\node_modules\esbuild\lib\main.js:1150:21)
    at buildOrContextImpl (D:\project\EDA_ERP\Front\Geeker-Admin\node_modules\esbuild\lib\main.js:873:5)
    at Object.buildOrContext (D:\project\EDA_ERP\Front\Geeker-Admin\node_modules\esbuild\lib\main.js:699:5)
    at D:\project\EDA_ERP\Front\Geeker-Admin\node_modules\esbuild\lib\main.js:2032:68
    at new Promise (<anonymous>)
    at Object.context (D:\project\EDA_ERP\Front\Geeker-Admin\node_modules\esbuild\lib\main.js:2032:27)
    at Object.context (D:\project\EDA_ERP\Front\Geeker-Admin\node_modules\esbuild\lib\main.js:1874:58)
    at prepareEsbuildScanner (file:///D:/project/EDA_ERP/Front/Geeker-Admin/node_modules/vite/dist/node/chunks/dep-BK3b2jBa.js:49576:24)
    at async file:///D:/project/EDA_ERP/Front/Geeker-Admin/node_modules/vite/dist/node/chunks/dep-BK3b2jBa.js:50174:26

  The plugin "vite:dep-scan" was triggered by this import

    script:D:/project/EDA_ERP/Front/Geeker-Admin/src/views/hr/index.vue?id=0:96:7:
[37m      96 │ import [32m"vite/dist/node/types.d-aGj9QkWt"[37m
         ╵        [32m~~~~~~~~~~~~~~~~~~~~~~~~~~~~~~~~~[0m


    at failureErrorWithLog (D:\project\EDA_ERP\Front\Geeker-Admin\node_modules\esbuild\lib\main.js:1472:15)
    at D:\project\EDA_ERP\Front\Geeker-Admin\node_modules\esbuild\lib\main.js:945:25
    at runOnEndCallbacks (D:\project\EDA_ERP\Front\Geeker-Admin\node_modules\esbuild\lib\main.js:1315:45)
    at buildResponseToResult (D:\project\EDA_ERP\Front\Geeker-Admin\node_modules\esbuild\lib\main.js:943:7)
    at D:\project\EDA_ERP\Front\Geeker-Admin\node_modules\esbuild\lib\main.js:955:9
    at new Promise (<anonymous>)
    at requestCallbacks.on-end (D:\project\EDA_ERP\Front\Geeker-Admin\node_modules\esbuild\lib\main.js:954:54)
    at handleRequest (D:\project\EDA_ERP\Front\Geeker-Admin\node_modules\esbuild\lib\main.js:647:17)
    at handleIncomingPacket (D:\project\EDA_ERP\Front\Geeker-Admin\node_modules\esbuild\lib\main.js:672:7)
    at Socket.readFromStdout (D:\project\EDA_ERP\Front\Geeker-Admin\node_modules\esbuild\lib\main.js:600:7)
    at Socket.emit (node:events:518:28)
    at addChunk (node:internal/streams/readable:559:12)
    at readableAddChunkPushByteMode (node:internal/streams/readable:510:3)
    at Readable.push (node:internal/streams/readable:390:5)
    at Pipe.onStreamRead (node:internal/stream_base_commons:190:23)


 ERROR  Error: [31m  Failed to scan for dependencies from entries:
  D:/project/EDA_ERP/Front/Geeker-Admin/index.html

  [39m[31mX [41;31m[[41;97mERROR[41;31m][0m [1mMissing "./dist/node/types.d-aGj9QkWt" specifier in "vite" package[0m [1m[35m[plugin vite:dep-scan][0m

    node_modules/esbuild/lib/main.js:1225:21:
[37m      1225 │         let result = [32m[37mawait callback({
           ╵                      [32m^[0m

    at e (file:///D:/project/EDA_ERP/Front/Geeker-Admin/node_modules/vite/dist/node/chunks/dep-BK3b2jBa.js:46042:25)
    at n (file:///D:/project/EDA_ERP/Front/Geeker-Admin/node_modules/vite/dist/node/chunks/dep-BK3b2jBa.js:46042:627)
    at o (file:///D:/project/EDA_ERP/Front/Geeker-Admin/node_modules/vite/dist/node/chunks/dep-BK3b2jBa.js:46042:1297)
    at resolveExportsOrImports (file:///D:/project/EDA_ERP/Front/Geeker-Admin/node_modules/vite/dist/node/chunks/dep-BK3b2jBa.js:46663:18)
    at resolveDeepImport (file:///D:/project/EDA_ERP/Front/Geeker-Admin/node_modules/vite/dist/node/chunks/dep-BK3b2jBa.js:46686:25)
    at tryNodeResolve (file:///D:/project/EDA_ERP/Front/Geeker-Admin/node_modules/vite/dist/node/chunks/dep-BK3b2jBa.js:46451:16)
    at ResolveIdContext.resolveId (file:///D:/project/EDA_ERP/Front/Geeker-Admin/node_modules/vite/dist/node/chunks/dep-BK3b2jBa.js:46201:19)
    at PluginContainer.resolveId (file:///D:/project/EDA_ERP/Front/Geeker-Admin/node_modules/vite/dist/node/chunks/dep-BK3b2jBa.js:49018:17)
    at process.processTicksAndRejections (node:internal/process/task_queues:95:5)
    at async resolve (file:///D:/project/EDA_ERP/Front/Geeker-Admin/node_modules/vite/dist/node/chunks/dep-BK3b2jBa.js:49630:22)
    at async file:///D:/project/EDA_ERP/Front/Geeker-Admin/node_modules/vite/dist/node/chunks/dep-BK3b2jBa.js:49801:28
    at async requestCallbacks.on-resolve (D:\project\EDA_ERP\Front\Geeker-Admin\node_modules\esbuild\lib\main.js:1225:22)
    at async handleRequest (D:\project\EDA_ERP\Front\Geeker-Admin\node_modules\esbuild\lib\main.js:647:11)

  This error came from the "onResolve" callback registered here:

    node_modules/esbuild/lib/main.js:1150:20:
[37m      1150 │       let promise = [32m[37msetup({
           ╵                     [32m^[0m

    at setup (file:///D:/project/EDA_ERP/Front/Geeker-Admin/node_modules/vite/dist/node/chunks/dep-BK3b2jBa.js:49789:13)
    at handlePlugins (D:\project\EDA_ERP\Front\Geeker-Admin\node_modules\esbuild\lib\main.js:1150:21)
    at buildOrContextImpl (D:\project\EDA_ERP\Front\Geeker-Admin\node_modules\esbuild\lib\main.js:873:5)
    at Object.buildOrContext (D:\project\EDA_ERP\Front\Geeker-Admin\node_modules\esbuild\lib\main.js:699:5)
    at D:\project\EDA_ERP\Front\Geeker-Admin\node_modules\esbuild\lib\main.js:2032:68
    at new Promise (<anonymous>)
    at Object.context (D:\project\EDA_ERP\Front\Geeker-Admin\node_modules\esbuild\lib\main.js:2032:27)
    at Object.context (D:\project\EDA_ERP\Front\Geeker-Admin\node_modules\esbuild\lib\main.js:1874:58)
    at prepareEsbuildScanner (file:///D:/project/EDA_ERP/Front/Geeker-Admin/node_modules/vite/dist/node/chunks/dep-BK3b2jBa.js:49576:24)
    at async file:///D:/project/EDA_ERP/Front/Geeker-Admin/node_modules/vite/dist/node/chunks/dep-BK3b2jBa.js:50174:26

  The plugin "vite:dep-scan" was triggered by this import

    script:D:/project/EDA_ERP/Front/Geeker-Admin/src/views/hr/index.vue?id=0:96:7:
[37m      96 │ import [32m"vite/dist/node/types.d-aGj9QkWt"[37m
         ╵        [32m~~~~~~~~~~~~~~~~~~~~~~~~~~~~~~~~~[0m


    at failureErrorWithLog (D:\project\EDA_ERP\Front\Geeker-Admin\node_modules\esbuild\lib\main.js:1472:15)
    at D:\project\EDA_ERP\Front\Geeker-Admin\node_modules\esbuild\lib\main.js:945:25
    at runOnEndCallbacks (D:\project\EDA_ERP\Front\Geeker-Admin\node_modules\esbuild\lib\main.js:1315:45)
    at buildResponseToResult (D:\project\EDA_ERP\Front\Geeker-Admin\node_modules\esbuild\lib\main.js:943:7)
    at D:\project\EDA_ERP\Front\Geeker-Admin\node_modules\esbuild\lib\main.js:955:9
    at new Promise (<anonymous>)
    at requestCallbacks.on-end (D:\project\EDA_ERP\Front\Geeker-Admin\node_modules\esbuild\lib\main.js:954:54)
    at handleRequest (D:\project\EDA_ERP\Front\Geeker-Admin\node_modules\esbuild\lib\main.js:647:17)
    at handleIncomingPacket (D:\project\EDA_ERP\Front\Geeker-Admin\node_modules\esbuild\lib\main.js:672:7)
    at Socket.readFromStdout (D:\project\EDA_ERP\Front\Geeker-Admin\node_modules\esbuild\lib\main.js:600:7)
    at Socket.emit (node:events:518:28)
    at addChunk (node:internal/streams/readable:559:12)
    at readableAddChunkPushByteMode (node:internal/streams/readable:510:3)
    at Readable.push (node:internal/streams/readable:390:5)
    at Pipe.onStreamRead (node:internal/stream_base_commons:190:23)


 ERROR  Error: [31m  Failed to scan for dependencies from entries:
  D:/project/EDA_ERP/Front/Geeker-Admin/index.html

  [39m[31mX [41;31m[[41;97mERROR[41;31m][0m [1mMissing "./dist/node/types.d-aGj9QkWt" specifier in "vite" package[0m [1m[35m[plugin vite:dep-scan][0m

    node_modules/esbuild/lib/main.js:1225:21:
[37m      1225 │         let result = [32m[37mawait callback({
           ╵                      [32m^[0m

    at e (file:///D:/project/EDA_ERP/Front/Geeker-Admin/node_modules/vite/dist/node/chunks/dep-BK3b2jBa.js:46042:25)
    at n (file:///D:/project/EDA_ERP/Front/Geeker-Admin/node_modules/vite/dist/node/chunks/dep-BK3b2jBa.js:46042:627)
    at o (file:///D:/project/EDA_ERP/Front/Geeker-Admin/node_modules/vite/dist/node/chunks/dep-BK3b2jBa.js:46042:1297)
    at resolveExportsOrImports (file:///D:/project/EDA_ERP/Front/Geeker-Admin/node_modules/vite/dist/node/chunks/dep-BK3b2jBa.js:46663:18)
    at resolveDeepImport (file:///D:/project/EDA_ERP/Front/Geeker-Admin/node_modules/vite/dist/node/chunks/dep-BK3b2jBa.js:46686:25)
    at tryNodeResolve (file:///D:/project/EDA_ERP/Front/Geeker-Admin/node_modules/vite/dist/node/chunks/dep-BK3b2jBa.js:46451:16)
    at ResolveIdContext.resolveId (file:///D:/project/EDA_ERP/Front/Geeker-Admin/node_modules/vite/dist/node/chunks/dep-BK3b2jBa.js:46201:19)
    at PluginContainer.resolveId (file:///D:/project/EDA_ERP/Front/Geeker-Admin/node_modules/vite/dist/node/chunks/dep-BK3b2jBa.js:49018:17)
    at process.processTicksAndRejections (node:internal/process/task_queues:95:5)
    at async resolve (file:///D:/project/EDA_ERP/Front/Geeker-Admin/node_modules/vite/dist/node/chunks/dep-BK3b2jBa.js:49630:22)
    at async file:///D:/project/EDA_ERP/Front/Geeker-Admin/node_modules/vite/dist/node/chunks/dep-BK3b2jBa.js:49801:28
    at async requestCallbacks.on-resolve (D:\project\EDA_ERP\Front\Geeker-Admin\node_modules\esbuild\lib\main.js:1225:22)
    at async handleRequest (D:\project\EDA_ERP\Front\Geeker-Admin\node_modules\esbuild\lib\main.js:647:11)

  This error came from the "onResolve" callback registered here:

    node_modules/esbuild/lib/main.js:1150:20:
[37m      1150 │       let promise = [32m[37msetup({
           ╵                     [32m^[0m

    at setup (file:///D:/project/EDA_ERP/Front/Geeker-Admin/node_modules/vite/dist/node/chunks/dep-BK3b2jBa.js:49789:13)
    at handlePlugins (D:\project\EDA_ERP\Front\Geeker-Admin\node_modules\esbuild\lib\main.js:1150:21)
    at buildOrContextImpl (D:\project\EDA_ERP\Front\Geeker-Admin\node_modules\esbuild\lib\main.js:873:5)
    at Object.buildOrContext (D:\project\EDA_ERP\Front\Geeker-Admin\node_modules\esbuild\lib\main.js:699:5)
    at D:\project\EDA_ERP\Front\Geeker-Admin\node_modules\esbuild\lib\main.js:2032:68
    at new Promise (<anonymous>)
    at Object.context (D:\project\EDA_ERP\Front\Geeker-Admin\node_modules\esbuild\lib\main.js:2032:27)
    at Object.context (D:\project\EDA_ERP\Front\Geeker-Admin\node_modules\esbuild\lib\main.js:1874:58)
    at prepareEsbuildScanner (file:///D:/project/EDA_ERP/Front/Geeker-Admin/node_modules/vite/dist/node/chunks/dep-BK3b2jBa.js:49576:24)
    at async file:///D:/project/EDA_ERP/Front/Geeker-Admin/node_modules/vite/dist/node/chunks/dep-BK3b2jBa.js:50174:26

  The plugin "vite:dep-scan" was triggered by this import

    script:D:/project/EDA_ERP/Front/Geeker-Admin/src/views/hr/index.vue?id=0:96:7:
[37m      96 │ import [32m"vite/dist/node/types.d-aGj9QkWt"[37m
         ╵        [32m~~~~~~~~~~~~~~~~~~~~~~~~~~~~~~~~~[0m


    at failureErrorWithLog (D:\project\EDA_ERP\Front\Geeker-Admin\node_modules\esbuild\lib\main.js:1472:15)
    at D:\project\EDA_ERP\Front\Geeker-Admin\node_modules\esbuild\lib\main.js:945:25
    at runOnEndCallbacks (D:\project\EDA_ERP\Front\Geeker-Admin\node_modules\esbuild\lib\main.js:1315:45)
    at buildResponseToResult (D:\project\EDA_ERP\Front\Geeker-Admin\node_modules\esbuild\lib\main.js:943:7)
    at D:\project\EDA_ERP\Front\Geeker-Admin\node_modules\esbuild\lib\main.js:955:9
    at new Promise (<anonymous>)
    at requestCallbacks.on-end (D:\project\EDA_ERP\Front\Geeker-Admin\node_modules\esbuild\lib\main.js:954:54)
    at handleRequest (D:\project\EDA_ERP\Front\Geeker-Admin\node_modules\esbuild\lib\main.js:647:17)
    at handleIncomingPacket (D:\project\EDA_ERP\Front\Geeker-Admin\node_modules\esbuild\lib\main.js:672:7)
    at Socket.readFromStdout (D:\project\EDA_ERP\Front\Geeker-Admin\node_modules\esbuild\lib\main.js:600:7)
    at Socket.emit (node:events:518:28)
    at addChunk (node:internal/streams/readable:559:12)
    at readableAddChunkPushByteMode (node:internal/streams/readable:510:3)
    at Readable.push (node:internal/streams/readable:390:5)
    at Pipe.onStreamRead (node:internal/stream_base_commons:190:23)


 ERROR  Error: [31m  Failed to scan for dependencies from entries:
  D:/project/EDA_ERP/Front/Geeker-Admin/index.html

  [39m[31mX [41;31m[[41;97mERROR[41;31m][0m [1mMissing "./dist/node/types.d-aGj9QkWt" specifier in "vite" package[0m [1m[35m[plugin vite:dep-scan][0m

    node_modules/esbuild/lib/main.js:1225:21:
[37m      1225 │         let result = [32m[37mawait callback({
           ╵                      [32m^[0m

    at e (file:///D:/project/EDA_ERP/Front/Geeker-Admin/node_modules/vite/dist/node/chunks/dep-BK3b2jBa.js:46042:25)
    at n (file:///D:/project/EDA_ERP/Front/Geeker-Admin/node_modules/vite/dist/node/chunks/dep-BK3b2jBa.js:46042:627)
    at o (file:///D:/project/EDA_ERP/Front/Geeker-Admin/node_modules/vite/dist/node/chunks/dep-BK3b2jBa.js:46042:1297)
    at resolveExportsOrImports (file:///D:/project/EDA_ERP/Front/Geeker-Admin/node_modules/vite/dist/node/chunks/dep-BK3b2jBa.js:46663:18)
    at resolveDeepImport (file:///D:/project/EDA_ERP/Front/Geeker-Admin/node_modules/vite/dist/node/chunks/dep-BK3b2jBa.js:46686:25)
    at tryNodeResolve (file:///D:/project/EDA_ERP/Front/Geeker-Admin/node_modules/vite/dist/node/chunks/dep-BK3b2jBa.js:46451:16)
    at ResolveIdContext.resolveId (file:///D:/project/EDA_ERP/Front/Geeker-Admin/node_modules/vite/dist/node/chunks/dep-BK3b2jBa.js:46201:19)
    at PluginContainer.resolveId (file:///D:/project/EDA_ERP/Front/Geeker-Admin/node_modules/vite/dist/node/chunks/dep-BK3b2jBa.js:49018:17)
    at process.processTicksAndRejections (node:internal/process/task_queues:95:5)
    at async resolve (file:///D:/project/EDA_ERP/Front/Geeker-Admin/node_modules/vite/dist/node/chunks/dep-BK3b2jBa.js:49630:22)
    at async file:///D:/project/EDA_ERP/Front/Geeker-Admin/node_modules/vite/dist/node/chunks/dep-BK3b2jBa.js:49801:28
    at async requestCallbacks.on-resolve (D:\project\EDA_ERP\Front\Geeker-Admin\node_modules\esbuild\lib\main.js:1225:22)
    at async handleRequest (D:\project\EDA_ERP\Front\Geeker-Admin\node_modules\esbuild\lib\main.js:647:11)

  This error came from the "onResolve" callback registered here:

    node_modules/esbuild/lib/main.js:1150:20:
[37m      1150 │       let promise = [32m[37msetup({
           ╵                     [32m^[0m

    at setup (file:///D:/project/EDA_ERP/Front/Geeker-Admin/node_modules/vite/dist/node/chunks/dep-BK3b2jBa.js:49789:13)
    at handlePlugins (D:\project\EDA_ERP\Front\Geeker-Admin\node_modules\esbuild\lib\main.js:1150:21)
    at buildOrContextImpl (D:\project\EDA_ERP\Front\Geeker-Admin\node_modules\esbuild\lib\main.js:873:5)
    at Object.buildOrContext (D:\project\EDA_ERP\Front\Geeker-Admin\node_modules\esbuild\lib\main.js:699:5)
    at D:\project\EDA_ERP\Front\Geeker-Admin\node_modules\esbuild\lib\main.js:2032:68
    at new Promise (<anonymous>)
    at Object.context (D:\project\EDA_ERP\Front\Geeker-Admin\node_modules\esbuild\lib\main.js:2032:27)
    at Object.context (D:\project\EDA_ERP\Front\Geeker-Admin\node_modules\esbuild\lib\main.js:1874:58)
    at prepareEsbuildScanner (file:///D:/project/EDA_ERP/Front/Geeker-Admin/node_modules/vite/dist/node/chunks/dep-BK3b2jBa.js:49576:24)
    at async file:///D:/project/EDA_ERP/Front/Geeker-Admin/node_modules/vite/dist/node/chunks/dep-BK3b2jBa.js:50174:26

  The plugin "vite:dep-scan" was triggered by this import

    script:D:/project/EDA_ERP/Front/Geeker-Admin/src/views/hr/index.vue?id=0:96:7:
[37m      96 │ import [32m"vite/dist/node/types.d-aGj9QkWt"[37m
         ╵        [32m~~~~~~~~~~~~~~~~~~~~~~~~~~~~~~~~~[0m


    at failureErrorWithLog (D:\project\EDA_ERP\Front\Geeker-Admin\node_modules\esbuild\lib\main.js:1472:15)
    at D:\project\EDA_ERP\Front\Geeker-Admin\node_modules\esbuild\lib\main.js:945:25
    at runOnEndCallbacks (D:\project\EDA_ERP\Front\Geeker-Admin\node_modules\esbuild\lib\main.js:1315:45)
    at buildResponseToResult (D:\project\EDA_ERP\Front\Geeker-Admin\node_modules\esbuild\lib\main.js:943:7)
    at D:\project\EDA_ERP\Front\Geeker-Admin\node_modules\esbuild\lib\main.js:955:9
    at new Promise (<anonymous>)
    at requestCallbacks.on-end (D:\project\EDA_ERP\Front\Geeker-Admin\node_modules\esbuild\lib\main.js:954:54)
    at handleRequest (D:\project\EDA_ERP\Front\Geeker-Admin\node_modules\esbuild\lib\main.js:647:17)
    at handleIncomingPacket (D:\project\EDA_ERP\Front\Geeker-Admin\node_modules\esbuild\lib\main.js:672:7)
    at Socket.readFromStdout (D:\project\EDA_ERP\Front\Geeker-Admin\node_modules\esbuild\lib\main.js:600:7)
    at Socket.emit (node:events:518:28)
    at addChunk (node:internal/streams/readable:559:12)
    at readableAddChunkPushByteMode (node:internal/streams/readable:510:3)
    at Readable.push (node:internal/streams/readable:390:5)
    at Pipe.onStreamRead (node:internal/stream_base_commons:190:23)


 ERROR  Error: [31m  Failed to scan for dependencies from entries:
  D:/project/EDA_ERP/Front/Geeker-Admin/index.html

  [39m[31mX [41;31m[[41;97mERROR[41;31m][0m [1mMissing "./dist/node/types.d-aGj9QkWt" specifier in "vite" package[0m [1m[35m[plugin vite:dep-scan][0m

    node_modules/esbuild/lib/main.js:1225:21:
[37m      1225 │         let result = [32m[37mawait callback({
           ╵                      [32m^[0m

    at e (file:///D:/project/EDA_ERP/Front/Geeker-Admin/node_modules/vite/dist/node/chunks/dep-BK3b2jBa.js:46042:25)
    at n (file:///D:/project/EDA_ERP/Front/Geeker-Admin/node_modules/vite/dist/node/chunks/dep-BK3b2jBa.js:46042:627)
    at o (file:///D:/project/EDA_ERP/Front/Geeker-Admin/node_modules/vite/dist/node/chunks/dep-BK3b2jBa.js:46042:1297)
    at resolveExportsOrImports (file:///D:/project/EDA_ERP/Front/Geeker-Admin/node_modules/vite/dist/node/chunks/dep-BK3b2jBa.js:46663:18)
    at resolveDeepImport (file:///D:/project/EDA_ERP/Front/Geeker-Admin/node_modules/vite/dist/node/chunks/dep-BK3b2jBa.js:46686:25)
    at tryNodeResolve (file:///D:/project/EDA_ERP/Front/Geeker-Admin/node_modules/vite/dist/node/chunks/dep-BK3b2jBa.js:46451:16)
    at ResolveIdContext.resolveId (file:///D:/project/EDA_ERP/Front/Geeker-Admin/node_modules/vite/dist/node/chunks/dep-BK3b2jBa.js:46201:19)
    at PluginContainer.resolveId (file:///D:/project/EDA_ERP/Front/Geeker-Admin/node_modules/vite/dist/node/chunks/dep-BK3b2jBa.js:49018:17)
    at process.processTicksAndRejections (node:internal/process/task_queues:95:5)
    at async resolve (file:///D:/project/EDA_ERP/Front/Geeker-Admin/node_modules/vite/dist/node/chunks/dep-BK3b2jBa.js:49630:22)
    at async file:///D:/project/EDA_ERP/Front/Geeker-Admin/node_modules/vite/dist/node/chunks/dep-BK3b2jBa.js:49801:28
    at async requestCallbacks.on-resolve (D:\project\EDA_ERP\Front\Geeker-Admin\node_modules\esbuild\lib\main.js:1225:22)
    at async handleRequest (D:\project\EDA_ERP\Front\Geeker-Admin\node_modules\esbuild\lib\main.js:647:11)

  This error came from the "onResolve" callback registered here:

    node_modules/esbuild/lib/main.js:1150:20:
[37m      1150 │       let promise = [32m[37msetup({
           ╵                     [32m^[0m

    at setup (file:///D:/project/EDA_ERP/Front/Geeker-Admin/node_modules/vite/dist/node/chunks/dep-BK3b2jBa.js:49789:13)
    at handlePlugins (D:\project\EDA_ERP\Front\Geeker-Admin\node_modules\esbuild\lib\main.js:1150:21)
    at buildOrContextImpl (D:\project\EDA_ERP\Front\Geeker-Admin\node_modules\esbuild\lib\main.js:873:5)
    at Object.buildOrContext (D:\project\EDA_ERP\Front\Geeker-Admin\node_modules\esbuild\lib\main.js:699:5)
    at D:\project\EDA_ERP\Front\Geeker-Admin\node_modules\esbuild\lib\main.js:2032:68
    at new Promise (<anonymous>)
    at Object.context (D:\project\EDA_ERP\Front\Geeker-Admin\node_modules\esbuild\lib\main.js:2032:27)
    at Object.context (D:\project\EDA_ERP\Front\Geeker-Admin\node_modules\esbuild\lib\main.js:1874:58)
    at prepareEsbuildScanner (file:///D:/project/EDA_ERP/Front/Geeker-Admin/node_modules/vite/dist/node/chunks/dep-BK3b2jBa.js:49576:24)
    at async file:///D:/project/EDA_ERP/Front/Geeker-Admin/node_modules/vite/dist/node/chunks/dep-BK3b2jBa.js:50174:26

  The plugin "vite:dep-scan" was triggered by this import

    script:D:/project/EDA_ERP/Front/Geeker-Admin/src/views/hr/index.vue?id=0:96:7:
[37m      96 │ import [32m"vite/dist/node/types.d-aGj9QkWt"[37m
         ╵        [32m~~~~~~~~~~~~~~~~~~~~~~~~~~~~~~~~~[0m


    at failureErrorWithLog (D:\project\EDA_ERP\Front\Geeker-Admin\node_modules\esbuild\lib\main.js:1472:15)
    at D:\project\EDA_ERP\Front\Geeker-Admin\node_modules\esbuild\lib\main.js:945:25
    at runOnEndCallbacks (D:\project\EDA_ERP\Front\Geeker-Admin\node_modules\esbuild\lib\main.js:1315:45)
    at buildResponseToResult (D:\project\EDA_ERP\Front\Geeker-Admin\node_modules\esbuild\lib\main.js:943:7)
    at D:\project\EDA_ERP\Front\Geeker-Admin\node_modules\esbuild\lib\main.js:955:9
    at new Promise (<anonymous>)
    at requestCallbacks.on-end (D:\project\EDA_ERP\Front\Geeker-Admin\node_modules\esbuild\lib\main.js:954:54)
    at handleRequest (D:\project\EDA_ERP\Front\Geeker-Admin\node_modules\esbuild\lib\main.js:647:17)
    at handleIncomingPacket (D:\project\EDA_ERP\Front\Geeker-Admin\node_modules\esbuild\lib\main.js:672:7)
    at Socket.readFromStdout (D:\project\EDA_ERP\Front\Geeker-Admin\node_modules\esbuild\lib\main.js:600:7)
    at Socket.emit (node:events:518:28)
    at addChunk (node:internal/streams/readable:559:12)
    at readableAddChunkPushByteMode (node:internal/streams/readable:510:3)
    at Readable.push (node:internal/streams/readable:390:5)
    at Pipe.onStreamRead (node:internal/stream_base_commons:190:23)

